2023/07/15 02:57:52 [info] 19671: 监听8888端口成功!
2023/07/15 02:57:52 [notice] 19671: master process ./nginx 19671 【master进程】启动并开始运行......!
2023/07/15 02:57:54 [notice] 19672: worker process 19672 【worker进程】启动并开始运行......!
2023/07/15 03:00:34 [stderr] 19672: nginx: ------------------------------------begin--------------------------------------
2023/07/15 03:00:34 [stderr] 19672: nginx: 当前在线人数/总人数(1/2048)。
2023/07/15 03:00:34 [stderr] 19672: nginx: 连接池中空闲连接/总连接/要释放的连接(2046/2048/0)。
2023/07/15 03:00:34 [stderr] 19672: nginx: 当前时间队列大小(1)。
2023/07/15 03:00:34 [stderr] 19672: nginx: 当前收消息队列/发消息队列大小分别为(0/0)，丢弃的待发送数据包数量为0。
2023/07/15 03:00:34 [stderr] 19672: nginx: -------------------------------------end---------------------------------------
2023/07/15 03:11:36 [stderr] 19672: nginx: ------------------------------------begin--------------------------------------
2023/07/15 03:11:36 [stderr] 19672: nginx: 当前在线人数/总人数(1/2048)。
2023/07/15 03:11:36 [stderr] 19672: nginx: 连接池中空闲连接/总连接/要释放的连接(2046/2048/0)。
2023/07/15 03:11:36 [stderr] 19672: nginx: 当前时间队列大小(1)。
2023/07/15 03:11:36 [stderr] 19672: nginx: 当前收消息队列/发消息队列大小分别为(0/0)，丢弃的待发送数据包数量为0。
2023/07/15 03:11:36 [stderr] 19672: nginx: -------------------------------------end---------------------------------------
2023/07/15 03:11:54 [stderr] 19672: nginx: ------------------------------------begin--------------------------------------
2023/07/15 03:11:54 [stderr] 19672: nginx: 当前在线人数/总人数(1/2048)。
2023/07/15 03:11:54 [stderr] 19672: nginx: 连接池中空闲连接/总连接/要释放的连接(2046/2048/0)。
2023/07/15 03:11:54 [stderr] 19672: nginx: 当前时间队列大小(1)。
2023/07/15 03:11:54 [stderr] 19672: nginx: 当前收消息队列/发消息队列大小分别为(0/0)，丢弃的待发送数据包数量为0。
2023/07/15 03:11:54 [stderr] 19672: nginx: -------------------------------------end---------------------------------------
2023/07/15 03:12:28 [stderr] 19672: nginx: ------------------------------------begin--------------------------------------
2023/07/15 03:12:28 [stderr] 19672: nginx: 当前在线人数/总人数(1/2048)。
2023/07/15 03:12:28 [stderr] 19672: nginx: 连接池中空闲连接/总连接/要释放的连接(2046/2048/0)。
2023/07/15 03:12:28 [stderr] 19672: nginx: 当前时间队列大小(1)。
2023/07/15 03:12:28 [stderr] 19672: nginx: 当前收消息队列/发消息队列大小分别为(0/0)，丢弃的待发送数据包数量为0。
2023/07/15 03:12:28 [stderr] 19672: nginx: -------------------------------------end---------------------------------------
2023/07/15 03:24:29 [notice] 19672: signal 2 (SIGINT) received 
2023/07/15 03:24:29 [notice] 19671: signal 2 (SIGINT) received 
2023/07/15 03:24:29 [info] 19672: CSocekt::ngx_epoll_process_events()中epoll_wait()失败! (4: Interrupted system call) 
2023/07/15 03:24:29 [stderr] 19672: nginx: ------------------------------------begin--------------------------------------
2023/07/15 03:24:29 [stderr] 19672: nginx: 当前在线人数/总人数(0/2048)。
2023/07/15 03:24:29 [stderr] 19672: nginx: 连接池中空闲连接/总连接/要释放的连接(2047/2048/0)。
2023/07/15 03:24:29 [stderr] 19672: nginx: 当前时间队列大小(0)。
2023/07/15 03:24:29 [stderr] 19672: nginx: 当前收消息队列/发消息队列大小分别为(0/0)，丢弃的待发送数据包数量为0。
2023/07/15 03:24:29 [stderr] 19672: nginx: -------------------------------------end---------------------------------------
2023/07/15 03:24:32 [notice] 19671: signal 2 (SIGINT) received 
2023/07/15 03:24:32 [notice] 19672: signal 2 (SIGINT) received 
2023/07/15 03:24:32 [info] 19672: CSocekt::ngx_epoll_process_events()中epoll_wait()失败! (4: Interrupted system call) 
2023/07/15 03:24:33 [notice] 19672: signal 2 (SIGINT) received 
2023/07/15 03:24:33 [notice] 19671: signal 2 (SIGINT) received 
2023/07/15 03:24:33 [info] 19672: CSocekt::ngx_epoll_process_events()中epoll_wait()失败! (4: Interrupted system call) 
2023/07/15 03:24:34 [notice] 19672: signal 2 (SIGINT) received 
2023/07/15 03:24:34 [info] 19672: CSocekt::ngx_epoll_process_events()中epoll_wait()失败! (4: Interrupted system call) 
2023/07/15 03:24:34 [notice] 19671: signal 2 (SIGINT) received 
2023/07/15 03:25:01 [notice] 19672: signal 1 (SIGHUP) received from 19311
2023/07/15 03:25:01 [info] 19672: CSocekt::ngx_epoll_process_events()中epoll_wait()失败! (4: Interrupted system call) 
2023/07/15 03:25:01 [stderr] 19672: nginx: ------------------------------------begin--------------------------------------
2023/07/15 03:25:01 [stderr] 19672: nginx: 当前在线人数/总人数(0/2048)。
2023/07/15 03:25:01 [notice] 19671: signal 1 (SIGHUP) received from 19311
2023/07/15 03:25:01 [stderr] 19672: nginx: 连接池中空闲连接/总连接/要释放的连接(2047/2048/0)。
2023/07/15 03:25:01 [stderr] 19672: nginx: 当前时间队列大小(0)。
2023/07/15 03:25:01 [stderr] 19672: nginx: 当前收消息队列/发消息队列大小分别为(0/0)，丢弃的待发送数据包数量为0。
2023/07/15 03:25:01 [stderr] 19672: nginx: -------------------------------------end---------------------------------------
2023/07/15 04:01:41 [info] 21009: 监听8888端口成功!
2023/07/15 04:01:41 [notice] 21009: master process ./nginx 21009 【master进程】启动并开始运行......!
2023/07/15 04:01:43 [notice] 21010: worker process 21010 【worker进程】启动并开始运行......!
2023/07/15 04:02:02 [stderr] 21010: nginx: ------------------------------------begin--------------------------------------
2023/07/15 04:02:02 [stderr] 21010: nginx: 当前在线人数/总人数(1/2048)。
2023/07/15 04:02:02 [stderr] 21010: nginx: 连接池中空闲连接/总连接/要释放的连接(2046/2048/0)。
2023/07/15 04:02:02 [stderr] 21010: nginx: 当前时间队列大小(1)。
2023/07/15 04:02:02 [stderr] 21010: nginx: 当前收消息队列/发消息队列大小分别为(0/0)，丢弃的待发送数据包数量为0。
2023/07/15 04:02:02 [stderr] 21010: nginx: -------------------------------------end---------------------------------------
2023/07/15 04:02:37 [stderr] 21010: nginx: ------------------------------------begin--------------------------------------
2023/07/15 04:02:37 [stderr] 21010: nginx: 当前在线人数/总人数(0/2048)。
2023/07/15 04:02:37 [stderr] 21010: nginx: 连接池中空闲连接/总连接/要释放的连接(2046/2048/1)。
2023/07/15 04:02:37 [stderr] 21010: nginx: 当前时间队列大小(0)。
2023/07/15 04:02:37 [stderr] 21010: nginx: 当前收消息队列/发消息队列大小分别为(0/0)，丢弃的待发送数据包数量为0。
2023/07/15 04:02:37 [stderr] 21010: nginx: -------------------------------------end---------------------------------------
2023/07/15 04:03:20 [notice] 21010: signal 2 (SIGINT) received 
2023/07/15 04:03:20 [info] 21010: CSocekt::ngx_epoll_process_events()中epoll_wait()失败! (4: Interrupted system call) 
2023/07/15 04:03:20 [stderr] 21010: nginx: ------------------------------------begin--------------------------------------
2023/07/15 04:03:20 [stderr] 21010: nginx: 当前在线人数/总人数(0/2048)。
2023/07/15 04:03:20 [stderr] 21010: nginx: 连接池中空闲连接/总连接/要释放的连接(2046/2048/1)。
2023/07/15 04:03:20 [stderr] 21010: nginx: 当前时间队列大小(0)。
2023/07/15 04:03:20 [stderr] 21010: nginx: 当前收消息队列/发消息队列大小分别为(0/0)，丢弃的待发送数据包数量为0。
2023/07/15 04:03:20 [stderr] 21010: nginx: -------------------------------------end---------------------------------------
2023/07/15 04:03:20 [notice] 21009: signal 2 (SIGINT) received 
2023/07/15 04:03:25 [notice] 21009: signal 1 (SIGHUP) received from 20908
2023/07/15 04:03:25 [notice] 21010: signal 1 (SIGHUP) received from 20908
2023/07/15 04:03:25 [info] 21010: CSocekt::ngx_epoll_process_events()中epoll_wait()失败! (4: Interrupted system call) 
2023/07/15 04:03:37 [stderr] 21010: nginx: ------------------------------------begin--------------------------------------
2023/07/15 04:03:37 [stderr] 21010: nginx: 当前在线人数/总人数(0/2048)。
2023/07/15 04:03:37 [stderr] 21010: nginx: 连接池中空闲连接/总连接/要释放的连接(2045/2048/2)。
2023/07/15 04:03:37 [stderr] 21010: nginx: 当前时间队列大小(0)。
2023/07/15 04:03:37 [stderr] 21010: nginx: 当前收消息队列/发消息队列大小分别为(0/0)，丢弃的待发送数据包数量为0。
2023/07/15 04:03:37 [stderr] 21010: nginx: -------------------------------------end---------------------------------------
2023/07/15 04:04:59 [stderr] 21010: nginx: ------------------------------------begin--------------------------------------
2023/07/15 04:04:59 [stderr] 21010: nginx: 当前在线人数/总人数(1/2048)。
2023/07/15 04:04:59 [stderr] 21010: nginx: 连接池中空闲连接/总连接/要释放的连接(2044/2048/2)。
2023/07/15 04:04:59 [stderr] 21010: nginx: 当前时间队列大小(1)。
2023/07/15 04:04:59 [stderr] 21010: nginx: 当前收消息队列/发消息队列大小分别为(0/0)，丢弃的待发送数据包数量为0。
2023/07/15 04:04:59 [stderr] 21010: nginx: -------------------------------------end---------------------------------------
2023/07/15 04:05:22 [stderr] 19672: nginx: ------------------------------------begin--------------------------------------
2023/07/15 04:05:22 [stderr] 19672: nginx: 当前在线人数/总人数(1/2048)。
2023/07/15 04:05:22 [stderr] 19672: nginx: 连接池中空闲连接/总连接/要释放的连接(2046/2048/0)。
2023/07/15 04:05:22 [stderr] 19672: nginx: 当前时间队列大小(1)。
2023/07/15 04:05:22 [stderr] 19672: nginx: 当前收消息队列/发消息队列大小分别为(0/0)，丢弃的待发送数据包数量为0。
2023/07/15 04:05:22 [stderr] 19672: nginx: -------------------------------------end---------------------------------------
2023/07/15 04:07:13 [stderr] 19672: nginx: ------------------------------------begin--------------------------------------
2023/07/15 04:07:13 [stderr] 19672: nginx: 当前在线人数/总人数(1/2048)。
2023/07/15 04:07:13 [stderr] 19672: nginx: 连接池中空闲连接/总连接/要释放的连接(2045/2048/1)。
2023/07/15 04:07:13 [stderr] 19672: nginx: 当前时间队列大小(1)。
2023/07/15 04:07:13 [stderr] 19672: nginx: 当前收消息队列/发消息队列大小分别为(0/0)，丢弃的待发送数据包数量为0。
2023/07/15 04:07:13 [stderr] 19672: nginx: -------------------------------------end---------------------------------------
2023/07/15 04:07:35 [stderr] 19672: nginx: ------------------------------------begin--------------------------------------
2023/07/15 04:07:35 [stderr] 19672: nginx: 当前在线人数/总人数(1/2048)。
2023/07/15 04:07:35 [stderr] 19672: nginx: 连接池中空闲连接/总连接/要释放的连接(2044/2048/2)。
2023/07/15 04:07:35 [stderr] 19672: nginx: 当前时间队列大小(1)。
2023/07/15 04:07:35 [stderr] 19672: nginx: 当前收消息队列/发消息队列大小分别为(0/0)，丢弃的待发送数据包数量为0。
2023/07/15 04:07:35 [stderr] 19672: nginx: -------------------------------------end---------------------------------------
2023/07/15 04:08:11 [info] 22054: 监听8888端口成功!
2023/07/15 04:08:11 [notice] 22054: master process ./nginx 22054 【master进程】启动并开始运行......!
2023/07/15 04:08:13 [notice] 22055: worker process 22055 【worker进程】启动并开始运行......!
2023/07/15 04:08:14 [stderr] 19672: nginx: ------------------------------------begin--------------------------------------
2023/07/15 04:08:14 [stderr] 19672: nginx: 当前在线人数/总人数(1/2048)。
2023/07/15 04:08:14 [stderr] 19672: nginx: 连接池中空闲连接/总连接/要释放的连接(2044/2048/2)。
2023/07/15 04:08:14 [stderr] 19672: nginx: 当前时间队列大小(1)。
2023/07/15 04:08:14 [stderr] 19672: nginx: 当前收消息队列/发消息队列大小分别为(0/0)，丢弃的待发送数据包数量为0。
2023/07/15 04:08:14 [stderr] 19672: nginx: -------------------------------------end---------------------------------------
2023/07/15 04:15:13 [stderr] 22055: nginx: ------------------------------------begin--------------------------------------
2023/07/15 04:15:13 [stderr] 22055: nginx: 当前在线人数/总人数(1/2048)。
2023/07/15 04:15:13 [stderr] 22055: nginx: 连接池中空闲连接/总连接/要释放的连接(2046/2048/0)。
2023/07/15 04:15:13 [stderr] 22055: nginx: 当前时间队列大小(1)。
2023/07/15 04:15:13 [stderr] 22055: nginx: 当前收消息队列/发消息队列大小分别为(0/0)，丢弃的待发送数据包数量为0。
2023/07/15 04:15:13 [stderr] 22055: nginx: -------------------------------------end---------------------------------------
2023/07/15 04:16:04 [notice] 22054: signal 17 (SIGCHLD) received from 22055
2023/07/15 04:16:04 [alert] 22054: pid = 22055 exited on signal 9!
2023/07/15 04:16:13 [stderr] 19672: nginx: ------------------------------------begin--------------------------------------
2023/07/15 04:16:13 [stderr] 19672: nginx: 当前在线人数/总人数(1/2048)。
2023/07/15 04:16:13 [stderr] 19672: nginx: 连接池中空闲连接/总连接/要释放的连接(2046/2048/0)。
2023/07/15 04:16:13 [stderr] 19672: nginx: 当前时间队列大小(1)。
2023/07/15 04:16:13 [stderr] 19672: nginx: 当前收消息队列/发消息队列大小分别为(0/0)，丢弃的待发送数据包数量为0。
2023/07/15 04:16:13 [stderr] 19672: nginx: -------------------------------------end---------------------------------------
2023/07/15 04:18:59 [stderr] 19672: nginx: ------------------------------------begin--------------------------------------
2023/07/15 04:18:59 [stderr] 19672: nginx: 当前在线人数/总人数(1/2048)。
2023/07/15 04:18:59 [stderr] 19672: nginx: 连接池中空闲连接/总连接/要释放的连接(2046/2048/0)。
2023/07/15 04:18:59 [stderr] 19672: nginx: 当前时间队列大小(1)。
2023/07/15 04:18:59 [stderr] 19672: nginx: 当前收消息队列/发消息队列大小分别为(0/0)，丢弃的待发送数据包数量为0。
2023/07/15 04:18:59 [stderr] 19672: nginx: -------------------------------------end---------------------------------------
2023/07/15 04:19:57 [stderr] 19672: nginx: ------------------------------------begin--------------------------------------
2023/07/15 04:19:57 [stderr] 19672: nginx: 当前在线人数/总人数(1/2048)。
2023/07/15 04:19:57 [stderr] 19672: nginx: 连接池中空闲连接/总连接/要释放的连接(2045/2048/1)。
2023/07/15 04:19:57 [stderr] 19672: nginx: 当前时间队列大小(1)。
2023/07/15 04:19:57 [stderr] 19672: nginx: 当前收消息队列/发消息队列大小分别为(0/0)，丢弃的待发送数据包数量为0。
2023/07/15 04:19:57 [stderr] 19672: nginx: -------------------------------------end---------------------------------------
2023/07/15 04:21:03 [notice] 19671: signal 17 (SIGCHLD) received from 19672
2023/07/15 04:21:03 [alert] 19671: pid = 19672 exited on signal 9!
2023/07/15 04:45:04 [info] 23537: 监听8888端口成功!
2023/07/15 04:45:04 [notice] 23537: master process ./nginx 23537 【master进程】启动并开始运行......!
2023/07/15 04:45:05 [notice] 23538: worker process 23538 【worker进程】启动并开始运行......!
2023/07/15 04:45:16 [stderr] 23538: nginx: ------------------------------------begin--------------------------------------
2023/07/15 04:45:16 [stderr] 23538: nginx: 当前在线人数/总人数(1/2048)。
2023/07/15 04:45:16 [stderr] 23538: nginx: 连接池中空闲连接/总连接/要释放的连接(2046/2048/0)。
2023/07/15 04:45:16 [stderr] 23538: nginx: 当前时间队列大小(1)。
2023/07/15 04:45:16 [stderr] 23538: nginx: 当前收消息队列/发消息队列大小分别为(0/0)，丢弃的待发送数据包数量为0。
2023/07/15 04:45:16 [stderr] 23538: nginx: -------------------------------------end---------------------------------------
2023/07/15 04:45:16 [stderr] 23538: nginx: 执行了CLogicSocket::_HandleOnMessage()!
2023/07/15 04:45:40 [stderr] 23538: nginx: ------------------------------------begin--------------------------------------
2023/07/15 04:45:40 [stderr] 23538: nginx: 当前在线人数/总人数(0/2048)。
2023/07/15 04:45:40 [stderr] 23538: nginx: 连接池中空闲连接/总连接/要释放的连接(2046/2048/1)。
2023/07/15 04:45:40 [stderr] 23538: nginx: 当前时间队列大小(0)。
2023/07/15 04:45:40 [stderr] 23538: nginx: 当前收消息队列/发消息队列大小分别为(0/0)，丢弃的待发送数据包数量为0。
2023/07/15 04:45:40 [stderr] 23538: nginx: -------------------------------------end---------------------------------------
2023/07/15 04:46:06 [notice] 23537: signal 17 (SIGCHLD) received from 23538
2023/07/15 04:46:06 [alert] 23537: pid = 23538 exited on signal 9!
2023/07/15 05:07:21 [info] 24521: 监听8888端口成功!
2023/07/15 05:07:21 [notice] 24521: master process ./nginx 24521 【master进程】启动并开始运行......!
2023/07/15 05:07:22 [notice] 24522: worker process 24522 【worker进程】启动并开始运行......!
2023/07/15 05:09:14 [stderr] 24522: nginx: ------------------------------------begin--------------------------------------
2023/07/15 05:09:14 [stderr] 24522: nginx: 当前在线人数/总人数(1/2048)。
2023/07/15 05:09:14 [stderr] 24522: nginx: 连接池中空闲连接/总连接/要释放的连接(2046/2048/0)。
2023/07/15 05:09:14 [stderr] 24522: nginx: 当前时间队列大小(1)。
2023/07/15 05:09:14 [stderr] 24522: nginx: 当前收消息队列/发消息队列大小分别为(0/0)，丢弃的待发送数据包数量为0。
2023/07/15 05:09:14 [stderr] 24522: nginx: -------------------------------------end---------------------------------------
2023/07/15 05:09:14 [stderr] 24522: nginx: 执行了CLogicSocket::_HandleOnMessage()!
2023/07/15 05:10:32 [notice] 24521: signal 17 (SIGCHLD) received from 24522
2023/07/15 05:10:32 [alert] 24521: pid = 24522 exited on signal 9!
2023/07/15 06:19:29 [info] 27842: 监听8888端口成功!
2023/07/15 06:19:29 [notice] 27842: master process ./nginx 27842 【master进程】启动并开始运行......!
2023/07/15 06:19:30 [notice] 27843: worker process 27843 【worker进程】启动并开始运行......!
2023/07/15 06:22:35 [stderr] 27843: nginx: ------------------------------------begin--------------------------------------
2023/07/15 06:22:35 [stderr] 27843: nginx: 当前在线人数/总人数(1/2048)。
2023/07/15 06:22:35 [stderr] 27843: nginx: 连接池中空闲连接/总连接/要释放的连接(2046/2048/0)。
2023/07/15 06:22:35 [stderr] 27843: nginx: 当前时间队列大小(1)。
2023/07/15 06:22:35 [stderr] 27843: nginx: 当前收消息队列/发消息队列大小分别为(0/0)，丢弃的待发送数据包数量为0。
2023/07/15 06:22:35 [stderr] 27843: nginx: -------------------------------------end---------------------------------------
2023/07/15 06:22:35 [stderr] 27843: nginx: 执行了CLogicSocket::_HandleOnMessage()!
2023/07/15 06:22:35 [stderr] 27843: nginx: connect mysql success!
2023/07/15 06:23:08 [stderr] 27843: nginx: ------------------------------------begin--------------------------------------
2023/07/15 06:23:08 [stderr] 27843: nginx: 当前在线人数/总人数(0/2048)。
2023/07/15 06:23:08 [stderr] 27843: nginx: 连接池中空闲连接/总连接/要释放的连接(2046/2048/1)。
2023/07/15 06:23:08 [stderr] 27843: nginx: 当前时间队列大小(0)。
2023/07/15 06:23:08 [stderr] 27843: nginx: 当前收消息队列/发消息队列大小分别为(0/0)，丢弃的待发送数据包数量为0。
2023/07/15 06:23:08 [stderr] 27843: nginx: -------------------------------------end---------------------------------------
2023/07/15 06:23:12 [stderr] 27843: nginx: 执行了CLogicSocket::_HandleOnMessage()!
2023/07/15 06:23:12 [stderr] 27843: nginx: connect mysql success!
2023/07/15 06:23:37 [stderr] 27843: nginx: ------------------------------------begin--------------------------------------
2023/07/15 06:23:37 [stderr] 27843: nginx: 当前在线人数/总人数(0/2048)。
2023/07/15 06:23:37 [stderr] 27843: nginx: 连接池中空闲连接/总连接/要释放的连接(2045/2048/2)。
2023/07/15 06:23:37 [stderr] 27843: nginx: 当前时间队列大小(0)。
2023/07/15 06:23:37 [stderr] 27843: nginx: 当前收消息队列/发消息队列大小分别为(0/0)，丢弃的待发送数据包数量为0。
2023/07/15 06:23:37 [stderr] 27843: nginx: -------------------------------------end---------------------------------------
2023/07/15 06:23:57 [notice] 27842: signal 17 (SIGCHLD) received from 27843
2023/07/15 06:23:57 [alert] 27842: pid = 27843 exited on signal 9!
2023/07/15 06:49:51 [info] 30775: 监听8888端口成功!
2023/07/15 06:49:51 [notice] 30775: master process ./nginx 30775 【master进程】启动并开始运行......!
2023/07/15 06:49:52 [notice] 30776: worker process 30776 【worker进程】启动并开始运行......!
2023/07/15 06:49:59 [stderr] 30776: nginx: ------------------------------------begin--------------------------------------
2023/07/15 06:49:59 [stderr] 30776: nginx: 当前在线人数/总人数(1/2048)。
2023/07/15 06:49:59 [stderr] 30776: nginx: 连接池中空闲连接/总连接/要释放的连接(2046/2048/0)。
2023/07/15 06:49:59 [stderr] 30776: nginx: 当前时间队列大小(1)。
2023/07/15 06:49:59 [stderr] 30776: nginx: 当前收消息队列/发消息队列大小分别为(0/0)，丢弃的待发送数据包数量为0。
2023/07/15 06:49:59 [stderr] 30776: nginx: -------------------------------------end---------------------------------------
2023/07/15 06:49:59 [stderr] 30776: nginx: 执行了CLogicSocket::_HandleOnMessage()!
2023/07/15 06:49:59 [stderr] 30776: nginx: connect mysql success!
2023/07/15 06:49:59 [notice] 30775: signal 17 (SIGCHLD) received from 30776
2023/07/15 06:49:59 [alert] 30775: pid = 30776 exited on signal 11!
2023/07/15 06:54:56 [info] 31224: 监听8888端口成功!
2023/07/15 06:54:56 [notice] 31224: master process ./nginx 31224 【master进程】启动并开始运行......!
2023/07/15 06:54:57 [notice] 31225: worker process 31225 【worker进程】启动并开始运行......!
2023/07/15 06:55:02 [stderr] 31225: nginx: ------------------------------------begin--------------------------------------
2023/07/15 06:55:02 [stderr] 31225: nginx: 当前在线人数/总人数(1/2048)。
2023/07/15 06:55:02 [stderr] 31225: nginx: 连接池中空闲连接/总连接/要释放的连接(2046/2048/0)。
2023/07/15 06:55:02 [stderr] 31225: nginx: 当前时间队列大小(1)。
2023/07/15 06:55:02 [stderr] 31225: nginx: 当前收消息队列/发消息队列大小分别为(0/0)，丢弃的待发送数据包数量为0。
2023/07/15 06:55:02 [stderr] 31225: nginx: -------------------------------------end---------------------------------------
2023/07/15 06:55:02 [stderr] 31225: nginx: 执行了CLogicSocket::_HandleOnMessage()!
2023/07/15 06:55:02 [stderr] 31225: nginx: connect mysql success!
2023/07/15 06:55:02 [notice] 31224: signal 17 (SIGCHLD) received from 31225
2023/07/15 06:55:02 [alert] 31224: pid = 31225 exited on signal 11!
2023/07/15 07:41:11 [info] 36438: 监听8888端口成功!
2023/07/15 07:41:11 [notice] 36438: master process ./nginx 36438 【master进程】启动并开始运行......!
2023/07/15 07:41:13 [notice] 36439: worker process 36439 【worker进程】启动并开始运行......!
2023/07/15 07:41:43 [stderr] 36439: nginx: ------------------------------------begin--------------------------------------
2023/07/15 07:41:43 [stderr] 36439: nginx: 当前在线人数/总人数(1/2048)。
2023/07/15 07:41:43 [stderr] 36439: nginx: 连接池中空闲连接/总连接/要释放的连接(2046/2048/0)。
2023/07/15 07:41:43 [stderr] 36439: nginx: 当前时间队列大小(1)。
2023/07/15 07:41:43 [stderr] 36439: nginx: 当前收消息队列/发消息队列大小分别为(0/0)，丢弃的待发送数据包数量为0。
2023/07/15 07:41:43 [stderr] 36439: nginx: -------------------------------------end---------------------------------------
2023/07/15 07:41:43 [stderr] 36439: nginx: 执行了CLogicSocket::_HandleOnMessage()!
2023/07/15 07:41:43 [stderr] 36439: nginx: connect mysql success!
2023/07/15 07:41:43 [notice] 36438: signal 17 (SIGCHLD) received from 36439
2023/07/15 07:41:43 [alert] 36438: pid = 36439 exited on signal 11!
2023/07/15 07:43:39 [info] 36845: 监听8888端口成功!
2023/07/15 07:43:39 [notice] 36845: master process ./nginx 36845 【master进程】启动并开始运行......!
2023/07/15 07:43:40 [notice] 36846: worker process 36846 【worker进程】启动并开始运行......!
2023/07/15 07:43:45 [stderr] 36846: nginx: ------------------------------------begin--------------------------------------
2023/07/15 07:43:45 [stderr] 36846: nginx: 当前在线人数/总人数(1/2048)。
2023/07/15 07:43:45 [stderr] 36846: nginx: 连接池中空闲连接/总连接/要释放的连接(2046/2048/0)。
2023/07/15 07:43:45 [stderr] 36846: nginx: 当前时间队列大小(1)。
2023/07/15 07:43:45 [stderr] 36846: nginx: 当前收消息队列/发消息队列大小分别为(0/0)，丢弃的待发送数据包数量为0。
2023/07/15 07:43:45 [stderr] 36846: nginx: -------------------------------------end---------------------------------------
2023/07/15 07:43:45 [stderr] 36846: nginx: 执行了CLogicSocket::_HandleOnMessage()!
2023/07/15 07:43:45 [stderr] 36846: nginx: connect mysql success!
2023/07/15 07:43:45 [notice] 36845: signal 17 (SIGCHLD) received from 36846
2023/07/15 07:43:45 [alert] 36845: pid = 36846 exited on signal 11!
2023/07/15 07:48:14 [info] 37294: 监听8888端口成功!
2023/07/15 07:48:14 [notice] 37294: master process ./nginx 37294 【master进程】启动并开始运行......!
2023/07/15 07:48:15 [notice] 37295: worker process 37295 【worker进程】启动并开始运行......!
2023/07/15 07:48:17 [stderr] 37295: nginx: ------------------------------------begin--------------------------------------
2023/07/15 07:48:17 [stderr] 37295: nginx: 当前在线人数/总人数(1/2048)。
2023/07/15 07:48:17 [stderr] 37295: nginx: 连接池中空闲连接/总连接/要释放的连接(2046/2048/0)。
2023/07/15 07:48:17 [stderr] 37295: nginx: 当前时间队列大小(1)。
2023/07/15 07:48:17 [stderr] 37295: nginx: 当前收消息队列/发消息队列大小分别为(0/0)，丢弃的待发送数据包数量为0。
2023/07/15 07:48:17 [stderr] 37295: nginx: -------------------------------------end---------------------------------------
2023/07/15 07:48:17 [stderr] 37295: nginx: 执行了CLogicSocket::_HandleOnMessage()!
2023/07/15 07:48:17 [stderr] 37295: nginx: connect mysql success!
2023/07/15 07:48:17 [notice] 37294: signal 17 (SIGCHLD) received from 37295
2023/07/15 07:48:17 [alert] 37294: pid = 37295 exited on signal 11!
2023/07/15 07:52:14 [info] 37729: 监听8888端口成功!
2023/07/15 07:52:14 [notice] 37729: master process ./nginx 37729 【master进程】启动并开始运行......!
2023/07/15 07:52:15 [notice] 37730: worker process 37730 【worker进程】启动并开始运行......!
2023/07/15 07:52:19 [stderr] 37730: nginx: ------------------------------------begin--------------------------------------
2023/07/15 07:52:19 [stderr] 37730: nginx: 当前在线人数/总人数(1/2048)。
2023/07/15 07:52:19 [stderr] 37730: nginx: 连接池中空闲连接/总连接/要释放的连接(2046/2048/0)。
2023/07/15 07:52:19 [stderr] 37730: nginx: 当前时间队列大小(1)。
2023/07/15 07:52:19 [stderr] 37730: nginx: 当前收消息队列/发消息队列大小分别为(0/0)，丢弃的待发送数据包数量为0。
2023/07/15 07:52:19 [stderr] 37730: nginx: -------------------------------------end---------------------------------------
2023/07/15 07:52:19 [stderr] 37730: nginx: 执行了CLogicSocket::_HandleOnMessage()!
2023/07/15 07:52:19 [stderr] 37730: nginx: connect mysql success!
2023/07/15 07:52:19 [notice] 37729: signal 17 (SIGCHLD) received from 37730
2023/07/15 07:52:19 [alert] 37729: pid = 37730 exited on signal 11!
2023/07/15 08:00:37 [info] 38563: 监听8888端口成功!
2023/07/15 08:00:37 [notice] 38563: master process ./nginx 38563 【master进程】启动并开始运行......!
2023/07/15 08:00:38 [notice] 38564: worker process 38564 【worker进程】启动并开始运行......!
2023/07/15 08:00:42 [stderr] 38564: nginx: ------------------------------------begin--------------------------------------
2023/07/15 08:00:42 [stderr] 38564: nginx: 当前在线人数/总人数(1/2048)。
2023/07/15 08:00:42 [stderr] 38564: nginx: 连接池中空闲连接/总连接/要释放的连接(2046/2048/0)。
2023/07/15 08:00:42 [stderr] 38564: nginx: 当前时间队列大小(1)。
2023/07/15 08:00:42 [stderr] 38564: nginx: 当前收消息队列/发消息队列大小分别为(0/0)，丢弃的待发送数据包数量为0。
2023/07/15 08:00:42 [stderr] 38564: nginx: -------------------------------------end---------------------------------------
2023/07/15 08:00:42 [stderr] 38564: nginx: 执行了CLogicSocket::_HandleOnMessage()!
2023/07/15 08:00:42 [stderr] 38564: nginx: connect mysql success!
2023/07/15 08:00:42 [stderr] 38564: nginx: connect mysql success!
2023/07/15 08:19:13 [notice] 38563: signal 17 (SIGCHLD) received from 38564
2023/07/15 08:19:13 [alert] 38563: pid = 38564 exited on signal 9!
2023/07/15 09:03:55 [info] 40646: 监听8888端口成功!
2023/07/15 09:03:55 [notice] 40646: master process ./nginx 40646 【master进程】启动并开始运行......!
2023/07/15 09:03:56 [notice] 40647: worker process 40647 【worker进程】启动并开始运行......!
2023/07/15 09:09:52 [stderr] 40647: nginx: ------------------------------------begin--------------------------------------
2023/07/15 09:09:52 [stderr] 40647: nginx: 当前在线人数/总人数(1/2048)。
2023/07/15 09:09:52 [stderr] 40647: nginx: 连接池中空闲连接/总连接/要释放的连接(2046/2048/0)。
2023/07/15 09:09:52 [stderr] 40647: nginx: 当前时间队列大小(1)。
2023/07/15 09:09:52 [stderr] 40647: nginx: 当前收消息队列/发消息队列大小分别为(0/0)，丢弃的待发送数据包数量为0。
2023/07/15 09:09:52 [stderr] 40647: nginx: -------------------------------------end---------------------------------------
2023/07/15 09:09:52 [stderr] 40647: nginx: 执行了CLogicSocket::_HandleOnMessage()!
2023/07/15 09:09:52 [stderr] 40647: nginx: connect mysql success!
2023/07/15 09:10:31 [stderr] 40647: nginx: ------------------------------------begin--------------------------------------
2023/07/15 09:10:31 [stderr] 40647: nginx: 当前在线人数/总人数(0/2048)。
2023/07/15 09:10:31 [stderr] 40647: nginx: 连接池中空闲连接/总连接/要释放的连接(2046/2048/1)。
2023/07/15 09:10:31 [stderr] 40647: nginx: 当前时间队列大小(0)。
2023/07/15 09:10:31 [stderr] 40647: nginx: 当前收消息队列/发消息队列大小分别为(0/0)，丢弃的待发送数据包数量为0。
2023/07/15 09:10:31 [stderr] 40647: nginx: -------------------------------------end---------------------------------------
2023/07/15 09:13:27 [notice] 40646: signal 17 (SIGCHLD) received from 40647
2023/07/15 09:13:27 [alert] 40646: pid = 40647 exited on signal 9!
2023/07/15 09:13:32 [info] 41269: 监听8888端口成功!
2023/07/15 09:13:32 [notice] 41269: master process ./nginx 41269 【master进程】启动并开始运行......!
2023/07/15 09:13:33 [notice] 41270: worker process 41270 【worker进程】启动并开始运行......!
2023/07/15 09:13:37 [stderr] 41270: nginx: ------------------------------------begin--------------------------------------
2023/07/15 09:13:37 [stderr] 41270: nginx: 当前在线人数/总人数(1/2048)。
2023/07/15 09:13:37 [stderr] 41270: nginx: 连接池中空闲连接/总连接/要释放的连接(2046/2048/0)。
2023/07/15 09:13:37 [stderr] 41270: nginx: 当前时间队列大小(1)。
2023/07/15 09:13:37 [stderr] 41270: nginx: 当前收消息队列/发消息队列大小分别为(0/0)，丢弃的待发送数据包数量为0。
2023/07/15 09:13:37 [stderr] 41270: nginx: -------------------------------------end---------------------------------------
2023/07/15 09:13:37 [stderr] 41270: nginx: 执行了CLogicSocket::_HandleOnMessage()!
2023/07/15 09:13:37 [stderr] 41270: nginx: connect mysql success!
2023/07/15 09:13:37 [stderr] 41270: nginx: connect mysql success!
2023/07/15 09:13:37 [stderr] 41270: nginx: connect mysql success!
2023/07/15 09:13:37 [stderr] 41270: nginx: connect mysql success!
2023/07/15 09:13:37 [stderr] 41270: nginx: connect mysql success!
2023/07/15 09:16:14 [notice] 41269: signal 17 (SIGCHLD) received from 41270
2023/07/15 09:16:14 [alert] 41269: pid = 41270 exited on signal 9!
2023/07/15 09:22:24 [info] 41912: 监听8888端口成功!
2023/07/15 09:22:24 [notice] 41912: master process ./nginx 41912 【master进程】启动并开始运行......!
2023/07/15 09:22:25 [notice] 41913: worker process 41913 【worker进程】启动并开始运行......!
2023/07/15 09:22:30 [stderr] 41913: nginx: ------------------------------------begin--------------------------------------
2023/07/15 09:22:30 [stderr] 41913: nginx: 当前在线人数/总人数(1/2048)。
2023/07/15 09:22:30 [stderr] 41913: nginx: 连接池中空闲连接/总连接/要释放的连接(2046/2048/0)。
2023/07/15 09:22:30 [stderr] 41913: nginx: 当前时间队列大小(1)。
2023/07/15 09:22:30 [stderr] 41913: nginx: 当前收消息队列/发消息队列大小分别为(0/0)，丢弃的待发送数据包数量为0。
2023/07/15 09:22:30 [stderr] 41913: nginx: -------------------------------------end---------------------------------------
2023/07/15 09:22:30 [stderr] 41913: nginx: 执行了CLogicSocket::_HandleOnMessage()!
2023/07/15 09:22:30 [stderr] 41913: nginx: connect mysql success!
2023/07/15 09:22:30 [stderr] 41913: nginx: connect mysql success!
2023/07/15 09:22:30 [stderr] 41913: nginx: connect mysql success!
2023/07/15 09:22:30 [stderr] 41913: nginx: connect mysql success!
2023/07/15 09:22:30 [stderr] 41913: nginx: connect mysql success!
2023/07/15 09:23:18 [notice] 41913: signal 2 (SIGINT) received 
2023/07/15 09:23:18 [notice] 41912: signal 2 (SIGINT) received 
2023/07/15 09:23:18 [info] 41913: CSocekt::ngx_epoll_process_events()中epoll_wait()失败! (4: Interrupted system call) 
2023/07/15 09:23:18 [stderr] 41913: nginx: ------------------------------------begin--------------------------------------
2023/07/15 09:23:18 [stderr] 41913: nginx: 当前在线人数/总人数(1/2048)。
2023/07/15 09:23:18 [stderr] 41913: nginx: 连接池中空闲连接/总连接/要释放的连接(2046/2048/0)。
2023/07/15 09:23:18 [stderr] 41913: nginx: 当前时间队列大小(1)。
2023/07/15 09:23:18 [stderr] 41913: nginx: 当前收消息队列/发消息队列大小分别为(0/0)，丢弃的待发送数据包数量为0。
2023/07/15 09:23:18 [stderr] 41913: nginx: -------------------------------------end---------------------------------------
2023/07/15 09:23:36 [notice] 41912: signal 17 (SIGCHLD) received from 41913
2023/07/15 09:23:36 [alert] 41912: pid = 41913 exited on signal 9!
2023/07/15 09:29:41 [info] 42643: 监听8888端口成功!
2023/07/15 09:29:41 [notice] 42643: master process ./nginx 42643 【master进程】启动并开始运行......!
2023/07/15 09:29:42 [notice] 42644: worker process 42644 【worker进程】启动并开始运行......!
2023/07/15 09:29:46 [stderr] 42644: nginx: ------------------------------------begin--------------------------------------
2023/07/15 09:29:46 [stderr] 42644: nginx: 当前在线人数/总人数(1/2048)。
2023/07/15 09:29:46 [stderr] 42644: nginx: 连接池中空闲连接/总连接/要释放的连接(2046/2048/0)。
2023/07/15 09:29:46 [stderr] 42644: nginx: 当前时间队列大小(1)。
2023/07/15 09:29:46 [stderr] 42644: nginx: 当前收消息队列/发消息队列大小分别为(0/0)，丢弃的待发送数据包数量为0。
2023/07/15 09:29:46 [stderr] 42644: nginx: -------------------------------------end---------------------------------------
2023/07/15 09:29:46 [stderr] 42644: nginx: 执行了CLogicSocket::_HandleOnMessage()!
2023/07/15 09:29:46 [stderr] 42644: nginx: connect mysql success!
2023/07/15 09:30:15 [stderr] 42644: nginx: ------------------------------------begin--------------------------------------
2023/07/15 09:30:15 [stderr] 42644: nginx: 当前在线人数/总人数(0/2048)。
2023/07/15 09:30:15 [stderr] 42644: nginx: 连接池中空闲连接/总连接/要释放的连接(2046/2048/1)。
2023/07/15 09:30:15 [stderr] 42644: nginx: 当前时间队列大小(0)。
2023/07/15 09:30:15 [stderr] 42644: nginx: 当前收消息队列/发消息队列大小分别为(0/0)，丢弃的待发送数据包数量为0。
2023/07/15 09:30:15 [stderr] 42644: nginx: -------------------------------------end---------------------------------------
2023/07/15 09:30:42 [notice] 42643: signal 17 (SIGCHLD) received from 42644
2023/07/15 09:30:42 [alert] 42643: pid = 42644 exited on signal 9!
2023/07/15 09:30:54 [info] 43035: 监听8888端口成功!
2023/07/15 09:30:54 [notice] 43035: master process ./nginx 43035 【master进程】启动并开始运行......!
2023/07/15 09:30:55 [notice] 43036: worker process 43036 【worker进程】启动并开始运行......!
2023/07/15 09:30:58 [stderr] 43036: nginx: ------------------------------------begin--------------------------------------
2023/07/15 09:30:58 [stderr] 43036: nginx: 当前在线人数/总人数(1/2048)。
2023/07/15 09:30:58 [stderr] 43036: nginx: 连接池中空闲连接/总连接/要释放的连接(2046/2048/0)。
2023/07/15 09:30:58 [stderr] 43036: nginx: 当前时间队列大小(1)。
2023/07/15 09:30:58 [stderr] 43036: nginx: 当前收消息队列/发消息队列大小分别为(0/0)，丢弃的待发送数据包数量为0。
2023/07/15 09:30:58 [stderr] 43036: nginx: -------------------------------------end---------------------------------------
2023/07/15 09:30:58 [stderr] 43036: nginx: 执行了CLogicSocket::_HandleOnMessage()!
2023/07/15 09:30:58 [stderr] 43036: nginx: connect mysql success!
2023/07/15 09:30:58 [stderr] 43036: nginx: connect mysql success!
2023/07/15 09:30:58 [stderr] 43036: nginx: connect mysql success!
2023/07/15 09:30:58 [stderr] 43036: nginx: connect mysql success!
2023/07/15 09:30:58 [stderr] 43036: nginx: connect mysql success!
2023/07/15 09:35:11 [notice] 43035: signal 17 (SIGCHLD) received from 43036
2023/07/15 09:35:11 [alert] 43035: pid = 43036 exited on signal 9!
2023/07/15 09:35:40 [info] 43612: 监听8888端口成功!
2023/07/15 09:35:40 [notice] 43612: master process ./nginx 43612 【master进程】启动并开始运行......!
2023/07/15 09:35:41 [notice] 43613: worker process 43613 【worker进程】启动并开始运行......!
2023/07/15 09:35:51 [stderr] 43613: nginx: ------------------------------------begin--------------------------------------
2023/07/15 09:35:51 [stderr] 43613: nginx: 当前在线人数/总人数(1/2048)。
2023/07/15 09:35:51 [stderr] 43613: nginx: 连接池中空闲连接/总连接/要释放的连接(2046/2048/0)。
2023/07/15 09:35:51 [stderr] 43613: nginx: 当前时间队列大小(1)。
2023/07/15 09:35:51 [stderr] 43613: nginx: 当前收消息队列/发消息队列大小分别为(0/0)，丢弃的待发送数据包数量为0。
2023/07/15 09:35:51 [stderr] 43613: nginx: -------------------------------------end---------------------------------------
2023/07/15 09:35:51 [stderr] 43613: nginx: 执行了CLogicSocket::_HandleOnMessage()!
2023/07/15 09:35:51 [stderr] 43613: nginx: connect mysql success!
2023/07/15 09:35:51 [stderr] 43613: nginx: connect mysql success!
2023/07/15 09:35:51 [stderr] 43613: nginx: connect mysql success!
2023/07/15 09:35:51 [stderr] 43613: nginx: connect mysql success!
2023/07/15 09:35:51 [stderr] 43613: nginx: connect mysql success!
2023/07/15 09:40:53 [notice] 43612: signal 17 (SIGCHLD) received from 43613
2023/07/15 09:40:53 [alert] 43612: pid = 43613 exited on signal 9!
2023/07/15 09:41:18 [info] 44115: 监听8888端口成功!
2023/07/15 09:41:18 [notice] 44115: master process ./nginx 44115 【master进程】启动并开始运行......!
2023/07/15 09:41:19 [notice] 44116: worker process 44116 【worker进程】启动并开始运行......!
2023/07/15 09:41:22 [stderr] 44116: nginx: ------------------------------------begin--------------------------------------
2023/07/15 09:41:22 [stderr] 44116: nginx: 当前在线人数/总人数(1/2048)。
2023/07/15 09:41:22 [stderr] 44116: nginx: 连接池中空闲连接/总连接/要释放的连接(2046/2048/0)。
2023/07/15 09:41:22 [stderr] 44116: nginx: 当前时间队列大小(1)。
2023/07/15 09:41:22 [stderr] 44116: nginx: 当前收消息队列/发消息队列大小分别为(0/0)，丢弃的待发送数据包数量为0。
2023/07/15 09:41:22 [stderr] 44116: nginx: -------------------------------------end---------------------------------------
2023/07/15 09:41:22 [stderr] 44116: nginx: 执行了CLogicSocket::_HandleOnMessage()!
2023/07/15 09:41:22 [stderr] 44116: nginx: connect mysql success!
2023/07/15 09:41:22 [stderr] 44116: nginx: connect mysql success!
2023/07/15 09:41:22 [stderr] 44116: nginx: connect mysql success!
2023/07/15 09:41:22 [stderr] 44116: nginx: connect mysql success!
2023/07/15 09:41:22 [stderr] 44116: nginx: connect mysql success!
2023/07/15 09:43:27 [notice] 44115: signal 17 (SIGCHLD) received from 44116
2023/07/15 09:43:27 [alert] 44115: pid = 44116 exited on signal 9!
2023/07/15 09:43:40 [info] 44550: 监听8888端口成功!
2023/07/15 09:43:40 [notice] 44550: master process ./nginx 44550 【master进程】启动并开始运行......!
2023/07/15 09:43:41 [notice] 44551: worker process 44551 【worker进程】启动并开始运行......!
2023/07/15 09:43:47 [stderr] 44551: nginx: ------------------------------------begin--------------------------------------
2023/07/15 09:43:47 [stderr] 44551: nginx: 当前在线人数/总人数(1/2048)。
2023/07/15 09:43:47 [stderr] 44551: nginx: 连接池中空闲连接/总连接/要释放的连接(2046/2048/0)。
2023/07/15 09:43:47 [stderr] 44551: nginx: 当前时间队列大小(1)。
2023/07/15 09:43:47 [stderr] 44551: nginx: 当前收消息队列/发消息队列大小分别为(0/0)，丢弃的待发送数据包数量为0。
2023/07/15 09:43:47 [stderr] 44551: nginx: -------------------------------------end---------------------------------------
2023/07/15 09:43:47 [stderr] 44551: nginx: 执行了CLogicSocket::_HandleOnMessage()!
2023/07/15 09:43:47 [stderr] 44551: nginx: connect mysql success!
2023/07/15 09:43:58 [stderr] 44551: nginx: ------------------------------------begin--------------------------------------
2023/07/15 09:43:58 [stderr] 44551: nginx: 当前在线人数/总人数(0/2048)。
2023/07/15 09:43:58 [stderr] 44551: nginx: 连接池中空闲连接/总连接/要释放的连接(2046/2048/1)。
2023/07/15 09:43:58 [stderr] 44551: nginx: 当前时间队列大小(0)。
2023/07/15 09:43:58 [stderr] 44551: nginx: 当前收消息队列/发消息队列大小分别为(0/0)，丢弃的待发送数据包数量为0。
2023/07/15 09:43:58 [stderr] 44551: nginx: -------------------------------------end---------------------------------------
2023/07/15 09:44:08 [stderr] 44551: nginx: 执行了CLogicSocket::_HandleOnMessage()!
2023/07/15 09:44:08 [stderr] 44551: nginx: connect mysql success!
2023/07/15 09:44:08 [stderr] 44551: nginx: connect mysql success!
2023/07/15 09:44:08 [stderr] 44551: nginx: connect mysql success!
2023/07/15 09:44:08 [stderr] 44551: nginx: connect mysql success!
2023/07/15 09:44:08 [stderr] 44551: nginx: connect mysql success!
2023/07/15 09:46:32 [stderr] 44551: nginx: ------------------------------------begin--------------------------------------
2023/07/15 09:46:32 [stderr] 44551: nginx: 当前在线人数/总人数(1/2048)。
2023/07/15 09:46:32 [stderr] 44551: nginx: 连接池中空闲连接/总连接/要释放的连接(2045/2048/1)。
2023/07/15 09:46:32 [stderr] 44551: nginx: 当前时间队列大小(1)。
2023/07/15 09:46:32 [stderr] 44551: nginx: 当前收消息队列/发消息队列大小分别为(0/0)，丢弃的待发送数据包数量为0。
2023/07/15 09:46:32 [stderr] 44551: nginx: -------------------------------------end---------------------------------------
2023/07/15 09:46:32 [stderr] 44551: nginx: 执行了CLogicSocket::_HandleOnMessage()!
2023/07/15 09:46:32 [stderr] 44551: nginx: connect mysql success!
2023/07/15 09:46:32 [stderr] 44551: nginx: connect mysql success!
2023/07/15 09:46:32 [stderr] 44551: nginx: connect mysql success!
2023/07/15 09:46:32 [stderr] 44551: nginx: connect mysql success!
2023/07/15 09:46:32 [stderr] 44551: nginx: connect mysql success!
2023/07/15 09:48:31 [notice] 44550: signal 17 (SIGCHLD) received from 44551
2023/07/15 09:48:31 [alert] 44550: pid = 44551 exited on signal 9!
2023/07/15 09:49:36 [info] 45383: 监听8888端口成功!
2023/07/15 09:49:36 [notice] 45383: master process ./nginx 45383 【master进程】启动并开始运行......!
2023/07/15 09:49:37 [notice] 45384: worker process 45384 【worker进程】启动并开始运行......!
2023/07/15 09:49:48 [stderr] 45384: nginx: ------------------------------------begin--------------------------------------
2023/07/15 09:49:48 [stderr] 45384: nginx: 当前在线人数/总人数(1/2048)。
2023/07/15 09:49:48 [stderr] 45384: nginx: 连接池中空闲连接/总连接/要释放的连接(2046/2048/0)。
2023/07/15 09:49:48 [stderr] 45384: nginx: 当前时间队列大小(1)。
2023/07/15 09:49:48 [stderr] 45384: nginx: 当前收消息队列/发消息队列大小分别为(0/0)，丢弃的待发送数据包数量为0。
2023/07/15 09:49:48 [stderr] 45384: nginx: -------------------------------------end---------------------------------------
2023/07/15 09:49:48 [stderr] 45384: nginx: 执行了CLogicSocket::_HandleOnMessage()!
2023/07/15 09:49:48 [stderr] 45384: nginx: connect mysql success!
2023/07/15 09:49:48 [stderr] 45384: nginx: connect mysql success!
2023/07/15 09:49:48 [stderr] 45384: nginx: connect mysql success!
2023/07/15 09:49:48 [stderr] 45384: nginx: connect mysql success!
2023/07/15 09:49:48 [stderr] 45384: nginx: connect mysql success!
2023/07/15 09:50:15 [stderr] 45384: nginx: ------------------------------------begin--------------------------------------
2023/07/15 09:50:15 [stderr] 45384: nginx: 当前在线人数/总人数(0/2048)。
2023/07/15 09:50:15 [stderr] 45384: nginx: 连接池中空闲连接/总连接/要释放的连接(2046/2048/1)。
2023/07/15 09:50:15 [stderr] 45384: nginx: 当前时间队列大小(0)。
2023/07/15 09:50:15 [stderr] 45384: nginx: 当前收消息队列/发消息队列大小分别为(0/0)，丢弃的待发送数据包数量为0。
2023/07/15 09:50:15 [stderr] 45384: nginx: -------------------------------------end---------------------------------------
2023/07/15 09:50:43 [stderr] 45384: nginx: ------------------------------------begin--------------------------------------
2023/07/15 09:50:43 [stderr] 45384: nginx: 当前在线人数/总人数(1/2048)。
2023/07/15 09:50:43 [stderr] 45384: nginx: 连接池中空闲连接/总连接/要释放的连接(2045/2048/1)。
2023/07/15 09:50:43 [stderr] 45384: nginx: 当前时间队列大小(1)。
2023/07/15 09:50:43 [stderr] 45384: nginx: 当前收消息队列/发消息队列大小分别为(0/0)，丢弃的待发送数据包数量为0。
2023/07/15 09:50:43 [stderr] 45384: nginx: -------------------------------------end---------------------------------------
2023/07/15 09:50:43 [stderr] 45384: nginx: 执行了CLogicSocket::_HandleOnMessage()!
2023/07/15 09:50:43 [stderr] 45384: nginx: connect mysql success!
2023/07/15 09:50:43 [stderr] 45384: nginx: connect mysql success!
2023/07/15 09:50:43 [stderr] 45384: nginx: connect mysql success!
2023/07/15 09:50:43 [stderr] 45384: nginx: connect mysql success!
2023/07/15 09:50:43 [stderr] 45384: nginx: connect mysql success!
2023/07/15 10:16:21 [notice] 45383: signal 17 (SIGCHLD) received from 45384
2023/07/15 10:16:21 [alert] 45383: pid = 45384 exited on signal 9!
2023/07/15 10:16:35 [info] 46168: 监听8888端口成功!
2023/07/15 10:16:35 [notice] 46168: master process ./nginx 46168 【master进程】启动并开始运行......!
2023/07/15 10:16:36 [notice] 46169: worker process 46169 【worker进程】启动并开始运行......!
2023/07/15 10:16:44 [stderr] 46169: nginx: ------------------------------------begin--------------------------------------
2023/07/15 10:16:44 [stderr] 46169: nginx: 当前在线人数/总人数(1/2048)。
2023/07/15 10:16:44 [stderr] 46169: nginx: 连接池中空闲连接/总连接/要释放的连接(2046/2048/0)。
2023/07/15 10:16:44 [stderr] 46169: nginx: 当前时间队列大小(1)。
2023/07/15 10:16:44 [stderr] 46169: nginx: 当前收消息队列/发消息队列大小分别为(0/0)，丢弃的待发送数据包数量为0。
2023/07/15 10:16:44 [stderr] 46169: nginx: -------------------------------------end---------------------------------------
2023/07/15 10:16:44 [stderr] 46169: nginx: 执行了CLogicSocket::_HandleOnMessage()!
2023/07/15 10:16:44 [stderr] 46169: nginx: connect mysql success!
2023/07/15 10:16:44 [stderr] 46169: nginx: connect mysql success!
2023/07/15 10:16:44 [stderr] 46169: nginx: connect mysql success!
2023/07/15 10:16:44 [stderr] 46169: nginx: connect mysql success!
2023/07/15 10:16:44 [stderr] 46169: nginx: connect mysql success!
2023/07/15 10:17:02 [stderr] 46169: nginx: ------------------------------------begin--------------------------------------
2023/07/15 10:17:02 [stderr] 46169: nginx: 当前在线人数/总人数(0/2048)。
2023/07/15 10:17:02 [stderr] 46169: nginx: 连接池中空闲连接/总连接/要释放的连接(2046/2048/1)。
2023/07/15 10:17:02 [stderr] 46169: nginx: 当前时间队列大小(0)。
2023/07/15 10:17:02 [stderr] 46169: nginx: 当前收消息队列/发消息队列大小分别为(0/0)，丢弃的待发送数据包数量为0。
2023/07/15 10:17:02 [stderr] 46169: nginx: -------------------------------------end---------------------------------------
2023/07/15 10:17:18 [notice] 46168: signal 17 (SIGCHLD) received from 46169
2023/07/15 10:17:18 [alert] 46168: pid = 46169 exited on signal 9!
2023/07/15 10:21:46 [info] 46732: 监听8888端口成功!
2023/07/15 10:21:46 [notice] 46732: master process ./nginx 46732 【master进程】启动并开始运行......!
2023/07/15 10:21:47 [notice] 46733: worker process 46733 【worker进程】启动并开始运行......!
2023/07/15 10:21:51 [stderr] 46733: nginx: ------------------------------------begin--------------------------------------
2023/07/15 10:21:51 [stderr] 46733: nginx: 当前在线人数/总人数(1/2048)。
2023/07/15 10:21:51 [stderr] 46733: nginx: 连接池中空闲连接/总连接/要释放的连接(2046/2048/0)。
2023/07/15 10:21:51 [stderr] 46733: nginx: 当前时间队列大小(1)。
2023/07/15 10:21:51 [stderr] 46733: nginx: 当前收消息队列/发消息队列大小分别为(0/0)，丢弃的待发送数据包数量为0。
2023/07/15 10:21:51 [stderr] 46733: nginx: -------------------------------------end---------------------------------------
2023/07/15 10:21:51 [stderr] 46733: nginx: 执行了CLogicSocket::_HandleOnMessage()!
2023/07/15 10:21:51 [stderr] 46733: nginx: connect mysql success!
2023/07/15 10:22:15 [stderr] 46733: nginx: ------------------------------------begin--------------------------------------
2023/07/15 10:22:15 [stderr] 46733: nginx: 当前在线人数/总人数(0/2048)。
2023/07/15 10:22:15 [stderr] 46733: nginx: 连接池中空闲连接/总连接/要释放的连接(2046/2048/1)。
2023/07/15 10:22:15 [stderr] 46733: nginx: 当前时间队列大小(0)。
2023/07/15 10:22:15 [stderr] 46733: nginx: 当前收消息队列/发消息队列大小分别为(0/0)，丢弃的待发送数据包数量为0。
2023/07/15 10:22:15 [stderr] 46733: nginx: -------------------------------------end---------------------------------------
2023/07/15 10:22:29 [notice] 46732: signal 17 (SIGCHLD) received from 46733
2023/07/15 10:22:29 [alert] 46732: pid = 46733 exited on signal 9!
2023/07/15 12:25:58 [info] 47784: 监听8888端口成功!
2023/07/15 12:25:58 [notice] 47784: master process ./nginx 47784 【master进程】启动并开始运行......!
2023/07/15 12:25:59 [notice] 47785: worker process 47785 【worker进程】启动并开始运行......!
2023/07/15 12:30:02 [stderr] 47785: nginx: ------------------------------------begin--------------------------------------
2023/07/15 12:30:02 [stderr] 47785: nginx: 当前在线人数/总人数(1/2048)。
2023/07/15 12:30:02 [stderr] 47785: nginx: 连接池中空闲连接/总连接/要释放的连接(2046/2048/0)。
2023/07/15 12:30:02 [stderr] 47785: nginx: 当前时间队列大小(1)。
2023/07/15 12:30:02 [stderr] 47785: nginx: 当前收消息队列/发消息队列大小分别为(0/0)，丢弃的待发送数据包数量为0。
2023/07/15 12:30:02 [stderr] 47785: nginx: -------------------------------------end---------------------------------------
2023/07/15 12:30:02 [stderr] 47785: nginx: 执行了CLogicSocket::_HandleOnMessage()!
2023/07/15 12:30:02 [stderr] 47785: nginx: connect mysql success!
2023/07/15 12:30:02 [stderr] 47785: nginx: connect mysql success!
2023/07/15 12:30:02 [stderr] 47785: nginx: connect mysql success!
2023/07/15 12:30:02 [stderr] 47785: nginx: connect mysql success!
2023/07/15 12:30:02 [stderr] 47785: nginx: connect mysql success!
2023/07/15 12:30:19 [stderr] 47785: nginx: ------------------------------------begin--------------------------------------
2023/07/15 12:30:19 [stderr] 47785: nginx: 当前在线人数/总人数(0/2048)。
2023/07/15 12:30:19 [stderr] 47785: nginx: 连接池中空闲连接/总连接/要释放的连接(2046/2048/1)。
2023/07/15 12:30:19 [stderr] 47785: nginx: 当前时间队列大小(0)。
2023/07/15 12:30:19 [stderr] 47785: nginx: 当前收消息队列/发消息队列大小分别为(0/0)，丢弃的待发送数据包数量为0。
2023/07/15 12:30:19 [stderr] 47785: nginx: -------------------------------------end---------------------------------------
2023/07/15 12:30:30 [stderr] 47785: nginx: ------------------------------------begin--------------------------------------
2023/07/15 12:30:30 [stderr] 47785: nginx: 当前在线人数/总人数(1/2048)。
2023/07/15 12:30:30 [stderr] 47785: nginx: 连接池中空闲连接/总连接/要释放的连接(2045/2048/1)。
2023/07/15 12:30:30 [stderr] 47785: nginx: 当前时间队列大小(1)。
2023/07/15 12:30:30 [stderr] 47785: nginx: 当前收消息队列/发消息队列大小分别为(0/0)，丢弃的待发送数据包数量为0。
2023/07/15 12:30:30 [stderr] 47785: nginx: -------------------------------------end---------------------------------------
2023/07/15 12:30:30 [stderr] 47785: nginx: 执行了CLogicSocket::_HandleOnMessage()!
2023/07/15 12:30:30 [notice] 47784: signal 17 (SIGCHLD) received from 47785
2023/07/15 12:30:30 [alert] 47784: pid = 47785 exited on signal 6!
2023/07/15 12:32:46 [info] 48399: 监听8888端口成功!
2023/07/15 12:32:46 [notice] 48399: master process ./nginx 48399 【master进程】启动并开始运行......!
2023/07/15 12:32:47 [notice] 48400: worker process 48400 【worker进程】启动并开始运行......!
2023/07/15 12:34:03 [stderr] 48400: nginx: ------------------------------------begin--------------------------------------
2023/07/15 12:34:03 [stderr] 48400: nginx: 当前在线人数/总人数(1/2048)。
2023/07/15 12:34:03 [stderr] 48400: nginx: 连接池中空闲连接/总连接/要释放的连接(2046/2048/0)。
2023/07/15 12:34:03 [stderr] 48400: nginx: 当前时间队列大小(1)。
2023/07/15 12:34:03 [stderr] 48400: nginx: 当前收消息队列/发消息队列大小分别为(0/0)，丢弃的待发送数据包数量为0。
2023/07/15 12:34:03 [stderr] 48400: nginx: -------------------------------------end---------------------------------------
2023/07/15 12:34:53 [stderr] 48400: nginx: ------------------------------------begin--------------------------------------
2023/07/15 12:34:53 [stderr] 48400: nginx: 当前在线人数/总人数(0/2048)。
2023/07/15 12:34:53 [stderr] 48400: nginx: 连接池中空闲连接/总连接/要释放的连接(2046/2048/1)。
2023/07/15 12:34:53 [stderr] 48400: nginx: 当前时间队列大小(0)。
2023/07/15 12:34:53 [stderr] 48400: nginx: 当前收消息队列/发消息队列大小分别为(0/0)，丢弃的待发送数据包数量为0。
2023/07/15 12:34:53 [stderr] 48400: nginx: -------------------------------------end---------------------------------------
2023/07/15 12:36:46 [stderr] 48400: nginx: ------------------------------------begin--------------------------------------
2023/07/15 12:36:46 [stderr] 48400: nginx: 当前在线人数/总人数(1/2048)。
2023/07/15 12:36:46 [stderr] 48400: nginx: 连接池中空闲连接/总连接/要释放的连接(2045/2048/1)。
2023/07/15 12:36:46 [stderr] 48400: nginx: 当前时间队列大小(1)。
2023/07/15 12:36:46 [stderr] 48400: nginx: 当前收消息队列/发消息队列大小分别为(0/0)，丢弃的待发送数据包数量为0。
2023/07/15 12:36:46 [stderr] 48400: nginx: -------------------------------------end---------------------------------------
2023/07/15 12:36:50 [stderr] 48400: nginx: 执行了CLogicSocket::_HandleOnMessage()!
2023/07/15 12:36:50 [notice] 48399: signal 17 (SIGCHLD) received from 48400
2023/07/15 12:36:50 [alert] 48399: pid = 48400 exited on signal 6!
2023/07/15 12:41:55 [info] 49363: 监听8888端口成功!
2023/07/15 12:41:55 [notice] 49363: master process ./nginx 49363 【master进程】启动并开始运行......!
2023/07/15 12:41:56 [notice] 49364: worker process 49364 【worker进程】启动并开始运行......!
2023/07/15 12:42:06 [stderr] 49364: nginx: ------------------------------------begin--------------------------------------
2023/07/15 12:42:06 [stderr] 49364: nginx: 当前在线人数/总人数(1/2048)。
2023/07/15 12:42:06 [stderr] 49364: nginx: 连接池中空闲连接/总连接/要释放的连接(2046/2048/0)。
2023/07/15 12:42:06 [stderr] 49364: nginx: 当前时间队列大小(1)。
2023/07/15 12:42:06 [stderr] 49364: nginx: 当前收消息队列/发消息队列大小分别为(0/0)，丢弃的待发送数据包数量为0。
2023/07/15 12:42:06 [stderr] 49364: nginx: -------------------------------------end---------------------------------------
2023/07/15 12:42:10 [stderr] 49364: nginx: 执行了CLogicSocket::_HandleOnMessage()!
2023/07/15 12:42:10 [notice] 49363: signal 17 (SIGCHLD) received from 49364
2023/07/15 12:42:10 [alert] 49363: pid = 49364 exited on signal 6!
2023/07/15 12:45:38 [info] 49928: 监听8888端口成功!
2023/07/15 12:45:38 [notice] 49928: master process ./nginx 49928 【master进程】启动并开始运行......!
2023/07/15 12:45:39 [notice] 49929: worker process 49929 【worker进程】启动并开始运行......!
2023/07/15 12:45:46 [stderr] 49929: nginx: ------------------------------------begin--------------------------------------
2023/07/15 12:45:46 [stderr] 49929: nginx: 当前在线人数/总人数(1/2048)。
2023/07/15 12:45:46 [stderr] 49929: nginx: 连接池中空闲连接/总连接/要释放的连接(2046/2048/0)。
2023/07/15 12:45:46 [stderr] 49929: nginx: 当前时间队列大小(1)。
2023/07/15 12:45:46 [stderr] 49929: nginx: 当前收消息队列/发消息队列大小分别为(0/0)，丢弃的待发送数据包数量为0。
2023/07/15 12:45:46 [stderr] 49929: nginx: -------------------------------------end---------------------------------------
2023/07/15 12:45:48 [stderr] 49929: nginx: 执行了CLogicSocket::_HandleOnMessage()!
2023/07/15 12:45:48 [stderr] 49929: nginx: connect mysql success!
2023/07/15 13:00:14 [stderr] 49929: nginx: ------------------------------------begin--------------------------------------
2023/07/15 13:00:14 [stderr] 49929: nginx: 当前在线人数/总人数(1/2048)。
2023/07/15 13:00:14 [stderr] 49929: nginx: 连接池中空闲连接/总连接/要释放的连接(2046/2048/0)。
2023/07/15 13:00:14 [stderr] 49929: nginx: 当前时间队列大小(1)。
2023/07/15 13:00:14 [stderr] 49929: nginx: 当前收消息队列/发消息队列大小分别为(0/0)，丢弃的待发送数据包数量为0。
2023/07/15 13:00:14 [stderr] 49929: nginx: -------------------------------------end---------------------------------------
2023/07/15 13:00:52 [stderr] 49929: nginx: ------------------------------------begin--------------------------------------
2023/07/15 13:00:52 [stderr] 49929: nginx: 当前在线人数/总人数(1/2048)。
2023/07/15 13:00:52 [stderr] 49929: nginx: 连接池中空闲连接/总连接/要释放的连接(2046/2048/0)。
2023/07/15 13:00:52 [stderr] 49929: nginx: 当前时间队列大小(1)。
2023/07/15 13:00:52 [stderr] 49929: nginx: 当前收消息队列/发消息队列大小分别为(0/0)，丢弃的待发送数据包数量为0。
2023/07/15 13:00:52 [stderr] 49929: nginx: -------------------------------------end---------------------------------------
2023/07/15 13:00:52 [stderr] 49929: nginx: 执行了CLogicSocket::_HandleOnMessage()!
2023/07/15 13:00:52 [stderr] 49929: nginx: msgid: 6 can not find handler!
2023/07/15 13:01:33 [stderr] 49929: nginx: ------------------------------------begin--------------------------------------
2023/07/15 13:01:33 [stderr] 49929: nginx: 当前在线人数/总人数(0/2048)。
2023/07/15 13:01:33 [stderr] 49929: nginx: 连接池中空闲连接/总连接/要释放的连接(2046/2048/1)。
2023/07/15 13:01:33 [stderr] 49929: nginx: 当前时间队列大小(0)。
2023/07/15 13:01:33 [stderr] 49929: nginx: 当前收消息队列/发消息队列大小分别为(0/0)，丢弃的待发送数据包数量为0。
2023/07/15 13:01:33 [stderr] 49929: nginx: -------------------------------------end---------------------------------------
2023/07/15 13:02:17 [info] 50678: 监听8888端口成功!
2023/07/15 13:02:17 [notice] 50678: master process ./nginx 50678 【master进程】启动并开始运行......!
2023/07/15 13:02:18 [notice] 50679: worker process 50679 【worker进程】启动并开始运行......!
2023/07/15 13:02:28 [stderr] 50679: nginx: ------------------------------------begin--------------------------------------
2023/07/15 13:02:28 [stderr] 50679: nginx: 当前在线人数/总人数(1/2048)。
2023/07/15 13:02:28 [stderr] 50679: nginx: 连接池中空闲连接/总连接/要释放的连接(2046/2048/0)。
2023/07/15 13:02:28 [stderr] 50679: nginx: 当前时间队列大小(1)。
2023/07/15 13:02:28 [stderr] 50679: nginx: 当前收消息队列/发消息队列大小分别为(0/0)，丢弃的待发送数据包数量为0。
2023/07/15 13:02:28 [stderr] 50679: nginx: -------------------------------------end---------------------------------------
2023/07/15 13:03:02 [stderr] 50679: nginx: ------------------------------------begin--------------------------------------
2023/07/15 13:03:02 [stderr] 50679: nginx: 当前在线人数/总人数(1/2048)。
2023/07/15 13:03:02 [stderr] 50679: nginx: 连接池中空闲连接/总连接/要释放的连接(2046/2048/0)。
2023/07/15 13:03:02 [stderr] 50679: nginx: 当前时间队列大小(1)。
2023/07/15 13:03:02 [stderr] 50679: nginx: 当前收消息队列/发消息队列大小分别为(0/0)，丢弃的待发送数据包数量为0。
2023/07/15 13:03:02 [stderr] 50679: nginx: -------------------------------------end---------------------------------------
2023/07/15 13:03:02 [stderr] 50679: nginx: 执行了CLogicSocket::_HandleOnMessage()!
2023/07/15 13:03:02 [stderr] 50679: nginx: connect mysql success!
2023/07/15 13:03:02 [stderr] 50679: nginx: connect mysql success!
2023/07/15 13:03:44 [stderr] 50679: nginx: ------------------------------------begin--------------------------------------
2023/07/15 13:03:44 [stderr] 50679: nginx: 当前在线人数/总人数(0/2048)。
2023/07/15 13:03:44 [stderr] 50679: nginx: 连接池中空闲连接/总连接/要释放的连接(2046/2048/1)。
2023/07/15 13:03:44 [stderr] 50679: nginx: 当前时间队列大小(0)。
2023/07/15 13:03:44 [stderr] 50679: nginx: 当前收消息队列/发消息队列大小分别为(0/0)，丢弃的待发送数据包数量为0。
2023/07/15 13:03:44 [stderr] 50679: nginx: -------------------------------------end---------------------------------------
2023/07/15 13:04:12 [stderr] 50679: nginx: ------------------------------------begin--------------------------------------
2023/07/15 13:04:12 [stderr] 50679: nginx: 当前在线人数/总人数(1/2048)。
2023/07/15 13:04:12 [stderr] 50679: nginx: 连接池中空闲连接/总连接/要释放的连接(2045/2048/1)。
2023/07/15 13:04:12 [stderr] 50679: nginx: 当前时间队列大小(1)。
2023/07/15 13:04:12 [stderr] 50679: nginx: 当前收消息队列/发消息队列大小分别为(0/0)，丢弃的待发送数据包数量为0。
2023/07/15 13:04:12 [stderr] 50679: nginx: -------------------------------------end---------------------------------------
2023/07/15 13:04:12 [stderr] 50679: nginx: 执行了CLogicSocket::_HandleOnMessage()!
2023/07/15 13:04:12 [stderr] 50679: nginx: connect mysql success!
2023/07/15 13:04:13 [stderr] 50679: nginx: connect mysql success!
2023/07/15 13:04:13 [stderr] 50679: nginx: connect mysql success!
2023/07/15 13:04:13 [stderr] 50679: nginx: connect mysql success!
2023/07/15 13:04:13 [stderr] 50679: nginx: connect mysql success!
2023/07/15 13:04:13 [stderr] 50679: nginx: connect mysql success!
2023/07/15 13:04:48 [stderr] 50679: nginx: ------------------------------------begin--------------------------------------
2023/07/15 13:04:48 [stderr] 50679: nginx: 当前在线人数/总人数(0/2048)。
2023/07/15 13:04:48 [stderr] 50679: nginx: 连接池中空闲连接/总连接/要释放的连接(2045/2048/2)。
2023/07/15 13:04:48 [stderr] 50679: nginx: 当前时间队列大小(0)。
2023/07/15 13:04:48 [stderr] 50679: nginx: 当前收消息队列/发消息队列大小分别为(0/0)，丢弃的待发送数据包数量为0。
2023/07/15 13:04:48 [stderr] 50679: nginx: -------------------------------------end---------------------------------------
2023/07/15 13:10:25 [info] 51561: 监听8888端口成功!
2023/07/15 13:10:25 [notice] 51561: master process ./nginx 51561 【master进程】启动并开始运行......!
2023/07/15 13:10:26 [notice] 51562: worker process 51562 【worker进程】启动并开始运行......!
2023/07/15 13:11:52 [stderr] 51562: nginx: ------------------------------------begin--------------------------------------
2023/07/15 13:11:52 [stderr] 51562: nginx: 当前在线人数/总人数(1/2048)。
2023/07/15 13:11:52 [stderr] 51562: nginx: 连接池中空闲连接/总连接/要释放的连接(2046/2048/0)。
2023/07/15 13:11:52 [stderr] 51562: nginx: 当前时间队列大小(1)。
2023/07/15 13:11:52 [stderr] 51562: nginx: 当前收消息队列/发消息队列大小分别为(0/0)，丢弃的待发送数据包数量为0。
2023/07/15 13:11:52 [stderr] 51562: nginx: -------------------------------------end---------------------------------------
2023/07/15 13:11:54 [stderr] 51562: nginx: 执行了CLogicSocket::_HandleOnMessage()!
2023/07/15 13:11:54 [notice] 51561: signal 17 (SIGCHLD) received from 51562
2023/07/15 13:11:54 [alert] 51561: pid = 51562 exited on signal 6!
2023/07/15 13:13:34 [info] 52124: 监听8888端口成功!
2023/07/15 13:13:34 [notice] 52124: master process ./nginx 52124 【master进程】启动并开始运行......!
2023/07/15 13:13:35 [notice] 52125: worker process 52125 【worker进程】启动并开始运行......!
2023/07/15 13:13:44 [stderr] 52125: nginx: ------------------------------------begin--------------------------------------
2023/07/15 13:13:44 [stderr] 52125: nginx: 当前在线人数/总人数(1/2048)。
2023/07/15 13:13:44 [stderr] 52125: nginx: 连接池中空闲连接/总连接/要释放的连接(2046/2048/0)。
2023/07/15 13:13:44 [stderr] 52125: nginx: 当前时间队列大小(1)。
2023/07/15 13:13:44 [stderr] 52125: nginx: 当前收消息队列/发消息队列大小分别为(0/0)，丢弃的待发送数据包数量为0。
2023/07/15 13:13:44 [stderr] 52125: nginx: -------------------------------------end---------------------------------------
2023/07/15 13:13:46 [stderr] 52125: nginx: 执行了CLogicSocket::_HandleOnMessage()!
2023/07/15 13:13:46 [stderr] 52125: nginx: connect mysql success!
2023/07/15 13:14:09 [stderr] 52125: nginx: ------------------------------------begin--------------------------------------
2023/07/15 13:14:09 [stderr] 52125: nginx: 当前在线人数/总人数(0/2048)。
2023/07/15 13:14:09 [stderr] 52125: nginx: 连接池中空闲连接/总连接/要释放的连接(2046/2048/1)。
2023/07/15 13:14:09 [stderr] 52125: nginx: 当前时间队列大小(0)。
2023/07/15 13:14:09 [stderr] 52125: nginx: 当前收消息队列/发消息队列大小分别为(0/0)，丢弃的待发送数据包数量为0。
2023/07/15 13:14:09 [stderr] 52125: nginx: -------------------------------------end---------------------------------------
2023/07/15 13:23:03 [info] 52809: 监听8888端口成功!
2023/07/15 13:23:03 [notice] 52809: master process ./nginx 52809 【master进程】启动并开始运行......!
2023/07/15 13:23:04 [notice] 52810: worker process 52810 【worker进程】启动并开始运行......!
2023/07/15 13:29:22 [stderr] 52810: nginx: ------------------------------------begin--------------------------------------
2023/07/15 13:29:22 [stderr] 52810: nginx: 当前在线人数/总人数(1/2048)。
2023/07/15 13:29:22 [stderr] 52810: nginx: 连接池中空闲连接/总连接/要释放的连接(2046/2048/0)。
2023/07/15 13:29:22 [stderr] 52810: nginx: 当前时间队列大小(1)。
2023/07/15 13:29:22 [stderr] 52810: nginx: 当前收消息队列/发消息队列大小分别为(0/0)，丢弃的待发送数据包数量为0。
2023/07/15 13:29:22 [stderr] 52810: nginx: -------------------------------------end---------------------------------------
2023/07/15 13:29:22 [stderr] 52810: nginx: 执行了CLogicSocket::_HandleOnMessage()!
2023/07/15 13:29:22 [stderr] 52810: nginx: connect mysql success!
2023/07/15 13:29:22 [stderr] 52810: nginx: connect mysql success!
2023/07/15 13:29:22 [stderr] 52810: nginx: connect mysql success!
2023/07/15 13:29:22 [stderr] 52810: nginx: connect mysql success!
2023/07/15 13:29:22 [stderr] 52810: nginx: connect mysql success!
2023/07/15 13:30:15 [stderr] 52810: nginx: ------------------------------------begin--------------------------------------
2023/07/15 13:30:15 [stderr] 52810: nginx: 当前在线人数/总人数(2/2048)。
2023/07/15 13:30:15 [stderr] 52810: nginx: 连接池中空闲连接/总连接/要释放的连接(2045/2048/0)。
2023/07/15 13:30:15 [stderr] 52810: nginx: 当前时间队列大小(2)。
2023/07/15 13:30:15 [stderr] 52810: nginx: 当前收消息队列/发消息队列大小分别为(0/0)，丢弃的待发送数据包数量为0。
2023/07/15 13:30:15 [stderr] 52810: nginx: -------------------------------------end---------------------------------------
2023/07/15 13:30:24 [stderr] 52810: nginx: 执行了CLogicSocket::_HandleOnMessage()!
2023/07/15 13:32:08 [stderr] 52810: nginx: ------------------------------------begin--------------------------------------
2023/07/15 13:32:08 [stderr] 52810: nginx: 当前在线人数/总人数(1/2048)。
2023/07/15 13:32:08 [stderr] 52810: nginx: 连接池中空闲连接/总连接/要释放的连接(2044/2048/2)。
2023/07/15 13:32:08 [stderr] 52810: nginx: 当前时间队列大小(1)。
2023/07/15 13:32:08 [stderr] 52810: nginx: 当前收消息队列/发消息队列大小分别为(0/0)，丢弃的待发送数据包数量为0。
2023/07/15 13:32:08 [stderr] 52810: nginx: -------------------------------------end---------------------------------------
2023/07/15 13:32:08 [stderr] 52810: nginx: 执行了CLogicSocket::_HandleOnMessage()!
2023/07/15 13:32:08 [stderr] 52810: nginx: connect mysql success!
2023/07/15 13:32:17 [stderr] 52810: nginx: 执行了CLogicSocket::_HandleOnMessage()!
2023/07/15 13:39:16 [info] 54414: 监听8888端口成功!
2023/07/15 13:39:16 [notice] 54414: master process ./nginx 54414 【master进程】启动并开始运行......!
2023/07/15 13:39:17 [notice] 54415: worker process 54415 【worker进程】启动并开始运行......!
2023/07/15 13:39:31 [stderr] 54415: nginx: ------------------------------------begin--------------------------------------
2023/07/15 13:39:31 [stderr] 54415: nginx: 当前在线人数/总人数(1/2048)。
2023/07/15 13:39:31 [stderr] 54415: nginx: 连接池中空闲连接/总连接/要释放的连接(2046/2048/0)。
2023/07/15 13:39:31 [stderr] 54415: nginx: 当前时间队列大小(1)。
2023/07/15 13:39:31 [stderr] 54415: nginx: 当前收消息队列/发消息队列大小分别为(0/0)，丢弃的待发送数据包数量为0。
2023/07/15 13:39:31 [stderr] 54415: nginx: -------------------------------------end---------------------------------------
2023/07/15 13:39:31 [stderr] 54415: nginx: 执行了CLogicSocket::_HandleOnMessage()!
2023/07/15 13:39:31 [stderr] 54415: nginx: connect mysql success!
2023/07/15 13:39:41 [stderr] 54415: nginx: 执行了CLogicSocket::_HandleOnMessage()!
2023/07/15 13:39:41 [stderr] 54415: nginx: connect mysql success!
2023/07/15 13:40:19 [stderr] 54415: nginx: ------------------------------------begin--------------------------------------
2023/07/15 13:40:19 [stderr] 54415: nginx: 当前在线人数/总人数(1/2048)。
2023/07/15 13:40:19 [stderr] 54415: nginx: 连接池中空闲连接/总连接/要释放的连接(2045/2048/1)。
2023/07/15 13:40:19 [stderr] 54415: nginx: 当前时间队列大小(1)。
2023/07/15 13:40:19 [stderr] 54415: nginx: 当前收消息队列/发消息队列大小分别为(0/0)，丢弃的待发送数据包数量为0。
2023/07/15 13:40:19 [stderr] 54415: nginx: -------------------------------------end---------------------------------------
2023/07/15 13:40:31 [stderr] 54415: nginx: ------------------------------------begin--------------------------------------
2023/07/15 13:40:31 [stderr] 54415: nginx: 当前在线人数/总人数(0/2048)。
2023/07/15 13:40:31 [stderr] 54415: nginx: 连接池中空闲连接/总连接/要释放的连接(2045/2048/2)。
2023/07/15 13:40:31 [stderr] 54415: nginx: 当前时间队列大小(0)。
2023/07/15 13:40:31 [stderr] 54415: nginx: 当前收消息队列/发消息队列大小分别为(0/0)，丢弃的待发送数据包数量为0。
2023/07/15 13:40:31 [stderr] 54415: nginx: -------------------------------------end---------------------------------------
2023/07/15 13:41:21 [stderr] 54415: nginx: ------------------------------------begin--------------------------------------
2023/07/15 13:41:21 [stderr] 54415: nginx: 当前在线人数/总人数(1/2048)。
2023/07/15 13:41:21 [stderr] 54415: nginx: 连接池中空闲连接/总连接/要释放的连接(2044/2048/2)。
2023/07/15 13:41:21 [stderr] 54415: nginx: 当前时间队列大小(1)。
2023/07/15 13:41:21 [stderr] 54415: nginx: 当前收消息队列/发消息队列大小分别为(0/0)，丢弃的待发送数据包数量为0。
2023/07/15 13:41:21 [stderr] 54415: nginx: -------------------------------------end---------------------------------------
2023/07/15 13:41:21 [stderr] 54415: nginx: 执行了CLogicSocket::_HandleOnMessage()!
2023/07/15 13:41:21 [stderr] 54415: nginx: connect mysql success!
2023/07/15 13:41:48 [stderr] 54415: nginx: ------------------------------------begin--------------------------------------
2023/07/15 13:41:48 [stderr] 54415: nginx: 当前在线人数/总人数(2/2048)。
2023/07/15 13:41:48 [stderr] 54415: nginx: 连接池中空闲连接/总连接/要释放的连接(2043/2048/2)。
2023/07/15 13:41:48 [stderr] 54415: nginx: 当前时间队列大小(2)。
2023/07/15 13:41:48 [stderr] 54415: nginx: 当前收消息队列/发消息队列大小分别为(0/0)，丢弃的待发送数据包数量为0。
2023/07/15 13:41:48 [stderr] 54415: nginx: -------------------------------------end---------------------------------------
2023/07/15 13:41:48 [stderr] 54415: nginx: 执行了CLogicSocket::_HandleOnMessage()!
2023/07/15 13:41:48 [stderr] 54415: nginx: connect mysql success!
2023/07/15 13:43:53 [stderr] 54415: nginx: ------------------------------------begin--------------------------------------
2023/07/15 13:43:53 [stderr] 54415: nginx: 当前在线人数/总人数(1/2048)。
2023/07/15 13:43:53 [stderr] 54415: nginx: 连接池中空闲连接/总连接/要释放的连接(2044/2048/2)。
2023/07/15 13:43:53 [stderr] 54415: nginx: 当前时间队列大小(1)。
2023/07/15 13:43:53 [stderr] 54415: nginx: 当前收消息队列/发消息队列大小分别为(0/0)，丢弃的待发送数据包数量为0。
2023/07/15 13:43:53 [stderr] 54415: nginx: -------------------------------------end---------------------------------------
2023/07/15 13:43:53 [stderr] 54415: nginx: 执行了CLogicSocket::_HandleOnMessage()!
2023/07/15 13:43:53 [stderr] 54415: nginx: connect mysql success!
2023/07/15 13:43:53 [stderr] 54415: nginx: connect mysql success!
2023/07/15 13:43:54 [stderr] 54415: nginx: connect mysql success!
2023/07/15 13:43:54 [stderr] 54415: nginx: connect mysql success!
2023/07/15 13:43:54 [stderr] 54415: nginx: connect mysql success!
2023/07/15 13:44:14 [stderr] 54415: nginx: ------------------------------------begin--------------------------------------
2023/07/15 13:44:14 [stderr] 54415: nginx: 当前在线人数/总人数(1/2048)。
2023/07/15 13:44:14 [stderr] 54415: nginx: 连接池中空闲连接/总连接/要释放的连接(2043/2048/3)。
2023/07/15 13:44:14 [stderr] 54415: nginx: 当前时间队列大小(1)。
2023/07/15 13:44:14 [stderr] 54415: nginx: 当前收消息队列/发消息队列大小分别为(0/0)，丢弃的待发送数据包数量为0。
2023/07/15 13:44:14 [stderr] 54415: nginx: -------------------------------------end---------------------------------------
2023/07/15 13:45:50 [info] 55723: 监听8888端口成功!
2023/07/15 13:45:50 [notice] 55723: master process ./nginx 55723 【master进程】启动并开始运行......!
2023/07/15 13:45:51 [notice] 55726: worker process 55726 【worker进程】启动并开始运行......!
2023/07/15 13:45:57 [stderr] 55726: nginx: ------------------------------------begin--------------------------------------
2023/07/15 13:45:57 [stderr] 55726: nginx: 当前在线人数/总人数(1/2048)。
2023/07/15 13:45:57 [stderr] 55726: nginx: 连接池中空闲连接/总连接/要释放的连接(2046/2048/0)。
2023/07/15 13:45:57 [stderr] 55726: nginx: 当前时间队列大小(1)。
2023/07/15 13:45:57 [stderr] 55726: nginx: 当前收消息队列/发消息队列大小分别为(0/0)，丢弃的待发送数据包数量为0。
2023/07/15 13:45:57 [stderr] 55726: nginx: -------------------------------------end---------------------------------------
2023/07/15 13:45:57 [stderr] 55726: nginx: 执行了CLogicSocket::_HandleOnMessage()!
2023/07/15 13:45:57 [stderr] 55726: nginx: connect mysql success!
2023/07/15 13:46:14 [stderr] 55726: nginx: ------------------------------------begin--------------------------------------
2023/07/15 13:46:14 [stderr] 55726: nginx: 当前在线人数/总人数(2/2048)。
2023/07/15 13:46:14 [stderr] 55726: nginx: 连接池中空闲连接/总连接/要释放的连接(2045/2048/0)。
2023/07/15 13:46:14 [stderr] 55726: nginx: 当前时间队列大小(2)。
2023/07/15 13:46:14 [stderr] 55726: nginx: 当前收消息队列/发消息队列大小分别为(0/0)，丢弃的待发送数据包数量为0。
2023/07/15 13:46:14 [stderr] 55726: nginx: -------------------------------------end---------------------------------------
2023/07/15 13:46:23 [stderr] 55726: nginx: 执行了CLogicSocket::_HandleOnMessage()!
2023/07/15 13:46:23 [stderr] 55726: nginx: connect mysql success!
2023/07/15 13:46:43 [stderr] 55726: nginx: ------------------------------------begin--------------------------------------
2023/07/15 13:46:43 [stderr] 55726: nginx: 当前在线人数/总人数(1/2048)。
2023/07/15 13:46:43 [stderr] 55726: nginx: 连接池中空闲连接/总连接/要释放的连接(2045/2048/1)。
2023/07/15 13:46:43 [stderr] 55726: nginx: 当前时间队列大小(1)。
2023/07/15 13:46:43 [stderr] 55726: nginx: 当前收消息队列/发消息队列大小分别为(0/0)，丢弃的待发送数据包数量为0。
2023/07/15 13:46:43 [stderr] 55726: nginx: -------------------------------------end---------------------------------------
2023/07/15 13:47:18 [stderr] 55726: nginx: ------------------------------------begin--------------------------------------
2023/07/15 13:47:18 [stderr] 55726: nginx: 当前在线人数/总人数(2/2048)。
2023/07/15 13:47:18 [stderr] 55726: nginx: 连接池中空闲连接/总连接/要释放的连接(2044/2048/1)。
2023/07/15 13:47:18 [stderr] 55726: nginx: 当前时间队列大小(2)。
2023/07/15 13:47:18 [stderr] 55726: nginx: 当前收消息队列/发消息队列大小分别为(0/0)，丢弃的待发送数据包数量为0。
2023/07/15 13:47:18 [stderr] 55726: nginx: -------------------------------------end---------------------------------------
2023/07/15 13:47:18 [stderr] 55726: nginx: 执行了CLogicSocket::_HandleOnMessage()!
2023/07/15 13:47:18 [stderr] 55726: nginx: connect mysql success!
2023/07/15 13:47:18 [stderr] 55726: nginx: connect mysql success!
2023/07/15 13:47:18 [stderr] 55726: nginx: connect mysql success!
2023/07/15 13:47:18 [stderr] 55726: nginx: connect mysql success!
2023/07/15 13:47:18 [stderr] 55726: nginx: connect mysql success!
2023/07/15 13:48:36 [stderr] 55726: nginx: ------------------------------------begin--------------------------------------
2023/07/15 13:48:36 [stderr] 55726: nginx: 当前在线人数/总人数(0/2048)。
2023/07/15 13:48:36 [stderr] 55726: nginx: 连接池中空闲连接/总连接/要释放的连接(2044/2048/3)。
2023/07/15 13:48:36 [stderr] 55726: nginx: 当前时间队列大小(0)。
2023/07/15 13:48:36 [stderr] 55726: nginx: 当前收消息队列/发消息队列大小分别为(0/0)，丢弃的待发送数据包数量为0。
2023/07/15 13:48:36 [stderr] 55726: nginx: -------------------------------------end---------------------------------------
2023/07/15 13:48:49 [stderr] 55726: nginx: ------------------------------------begin--------------------------------------
2023/07/15 13:48:49 [stderr] 55726: nginx: 当前在线人数/总人数(1/2048)。
2023/07/15 13:48:49 [stderr] 55726: nginx: 连接池中空闲连接/总连接/要释放的连接(2043/2048/3)。
2023/07/15 13:48:49 [stderr] 55726: nginx: 当前时间队列大小(1)。
2023/07/15 13:48:49 [stderr] 55726: nginx: 当前收消息队列/发消息队列大小分别为(0/0)，丢弃的待发送数据包数量为0。
2023/07/15 13:48:49 [stderr] 55726: nginx: -------------------------------------end---------------------------------------
2023/07/15 13:48:49 [stderr] 55726: nginx: 执行了CLogicSocket::_HandleOnMessage()!
2023/07/15 13:48:49 [stderr] 55726: nginx: connect mysql success!
2023/07/15 13:48:49 [stderr] 55726: nginx: connect mysql success!
2023/07/15 13:48:49 [stderr] 55726: nginx: connect mysql success!
2023/07/15 13:48:49 [stderr] 55726: nginx: connect mysql success!
2023/07/15 13:48:49 [stderr] 55726: nginx: connect mysql success!
2023/07/15 13:49:01 [stderr] 55726: nginx: ------------------------------------begin--------------------------------------
2023/07/15 13:49:01 [stderr] 55726: nginx: 当前在线人数/总人数(2/2048)。
2023/07/15 13:49:01 [stderr] 55726: nginx: 连接池中空闲连接/总连接/要释放的连接(2042/2048/3)。
2023/07/15 13:49:01 [stderr] 55726: nginx: 当前时间队列大小(2)。
2023/07/15 13:49:01 [stderr] 55726: nginx: 当前收消息队列/发消息队列大小分别为(0/0)，丢弃的待发送数据包数量为0。
2023/07/15 13:49:01 [stderr] 55726: nginx: -------------------------------------end---------------------------------------
2023/07/15 13:49:05 [stderr] 55726: nginx: 执行了CLogicSocket::_HandleOnMessage()!
2023/07/15 13:49:50 [stderr] 55726: nginx: ------------------------------------begin--------------------------------------
2023/07/15 13:49:50 [stderr] 55726: nginx: 当前在线人数/总人数(1/2048)。
2023/07/15 13:49:50 [stderr] 55726: nginx: 连接池中空闲连接/总连接/要释放的连接(2044/2048/2)。
2023/07/15 13:49:50 [stderr] 55726: nginx: 当前时间队列大小(1)。
2023/07/15 13:49:50 [stderr] 55726: nginx: 当前收消息队列/发消息队列大小分别为(0/0)，丢弃的待发送数据包数量为0。
2023/07/15 13:49:50 [stderr] 55726: nginx: -------------------------------------end---------------------------------------
2023/07/15 13:52:15 [info] 57115: 监听8888端口成功!
2023/07/15 13:52:15 [notice] 57115: master process ./nginx 57115 【master进程】启动并开始运行......!
2023/07/15 13:52:16 [notice] 57116: worker process 57116 【worker进程】启动并开始运行......!
2023/07/15 13:52:23 [stderr] 57116: nginx: ------------------------------------begin--------------------------------------
2023/07/15 13:52:23 [stderr] 57116: nginx: 当前在线人数/总人数(1/2048)。
2023/07/15 13:52:23 [stderr] 57116: nginx: 连接池中空闲连接/总连接/要释放的连接(2046/2048/0)。
2023/07/15 13:52:23 [stderr] 57116: nginx: 当前时间队列大小(1)。
2023/07/15 13:52:23 [stderr] 57116: nginx: 当前收消息队列/发消息队列大小分别为(0/0)，丢弃的待发送数据包数量为0。
2023/07/15 13:52:23 [stderr] 57116: nginx: -------------------------------------end---------------------------------------
2023/07/15 13:52:23 [stderr] 57116: nginx: 执行了CLogicSocket::_HandleOnMessage()!
2023/07/15 13:52:23 [stderr] 57116: nginx: connect mysql success!
2023/07/15 13:52:39 [stderr] 57116: nginx: ------------------------------------begin--------------------------------------
2023/07/15 13:52:39 [stderr] 57116: nginx: 当前在线人数/总人数(1/2048)。
2023/07/15 13:52:39 [stderr] 57116: nginx: 连接池中空闲连接/总连接/要释放的连接(2045/2048/1)。
2023/07/15 13:52:39 [stderr] 57116: nginx: 当前时间队列大小(1)。
2023/07/15 13:52:39 [stderr] 57116: nginx: 当前收消息队列/发消息队列大小分别为(0/0)，丢弃的待发送数据包数量为0。
2023/07/15 13:52:39 [stderr] 57116: nginx: -------------------------------------end---------------------------------------
2023/07/15 13:52:39 [stderr] 57116: nginx: 执行了CLogicSocket::_HandleOnMessage()!
2023/07/15 13:52:39 [stderr] 57116: nginx: connect mysql success!
2023/07/15 13:52:39 [stderr] 57116: nginx: connect mysql success!
2023/07/15 13:52:40 [stderr] 57116: nginx: connect mysql success!
2023/07/15 13:52:40 [stderr] 57116: nginx: connect mysql success!
2023/07/15 13:52:40 [stderr] 57116: nginx: connect mysql success!
2023/07/15 13:52:49 [stderr] 57116: nginx: 执行了CLogicSocket::_HandleOnMessage()!
2023/07/15 13:52:59 [stderr] 57116: nginx: ------------------------------------begin--------------------------------------
2023/07/15 13:52:59 [stderr] 57116: nginx: 当前在线人数/总人数(1/2048)。
2023/07/15 13:52:59 [stderr] 57116: nginx: 连接池中空闲连接/总连接/要释放的连接(2044/2048/2)。
2023/07/15 13:52:59 [stderr] 57116: nginx: 当前时间队列大小(1)。
2023/07/15 13:52:59 [stderr] 57116: nginx: 当前收消息队列/发消息队列大小分别为(0/0)，丢弃的待发送数据包数量为0。
2023/07/15 13:52:59 [stderr] 57116: nginx: -------------------------------------end---------------------------------------
2023/07/15 14:10:02 [info] 58166: 监听8888端口成功!
2023/07/15 14:10:02 [notice] 58166: master process ./nginx 58166 【master进程】启动并开始运行......!
2023/07/15 14:10:03 [notice] 58167: worker process 58167 【worker进程】启动并开始运行......!
2023/07/15 14:12:13 [stderr] 58167: nginx: ------------------------------------begin--------------------------------------
2023/07/15 14:12:13 [stderr] 58167: nginx: 当前在线人数/总人数(1/2048)。
2023/07/15 14:12:13 [stderr] 58167: nginx: 连接池中空闲连接/总连接/要释放的连接(2046/2048/0)。
2023/07/15 14:12:13 [stderr] 58167: nginx: 当前时间队列大小(1)。
2023/07/15 14:12:13 [stderr] 58167: nginx: 当前收消息队列/发消息队列大小分别为(0/0)，丢弃的待发送数据包数量为0。
2023/07/15 14:12:13 [stderr] 58167: nginx: -------------------------------------end---------------------------------------
2023/07/15 14:12:13 [stderr] 58167: nginx: 执行了CLogicSocket::_HandleOnMessage()!
2023/07/15 14:12:13 [stderr] 58167: nginx: connect mysql success!
